# Penalty:  47854.272235553326
113
43 21
6 9
92 47
12 73
17 69
45 76
67 54
0 61
96 31
74 5
94 8
5 26
84 12
87 45
60 87
18 57
22 29
32 60
52 70
64 61
65 44
71 72
74 61
78 78
81 29
14 0
59 99
0 19
67 1
67 98
28 2
97 41
45 96
79 95
49 94
51 6
63 7
91 87
40 9
18 90
28 10
16 12
23 45
23 78
29 22
30 66
33 16
36 80
37 69
38 33
44 58
48 50
52 81
55 46
58 22
59 53
69 19
73 84
77 24
3 0
99 25
99 65
99 73
29 99
21 99
11 99
3 99
0 94
0 32
2 85
96 57
16 4
95 20
4 72
4 64
35 93
6 15
46 7
23 92
11 92
7 22
91 77
8 55
68 9
90 23
90 71
83 89
10 61
78 11
11 43
58 87
12 28
21 13
86 18
86 44
16 22
17 66
23 61
24 37
30 24
30 36
34 53
36 82
37 43
45 19
50 64
54 36
56 74
61 30
62 79
69 40
71 66
78 51
